<?xml version="1.0" encoding="UTF-8"?>
<coverage generated="1663176598812" clover="3.2.0">
  <project timestamp="1663176598812" name="All files">
    <metrics statements="125" coveredstatements="97" conditionals="40" coveredconditionals="19" methods="38" coveredmethods="29" elements="203" coveredelements="145" complexity="0" loc="125" ncloc="125" packages="4" files="9" classes="9"/>
    <package name="src">
      <metrics statements="1" coveredstatements="1" conditionals="0" coveredconditionals="0" methods="1" coveredmethods="1"/>
      <file name="App.js" path="/home/coelho/Projetos-Trybe/Projetos-Turma23A/sd-023-a-project-trivia-react-redux/src/App.js">
        <metrics statements="1" coveredstatements="1" conditionals="0" coveredconditionals="0" methods="1" coveredmethods="1"/>
        <line num="10" count="12" type="stmt"/>
      </file>
    </package>
    <package name="src.Pages">
      <metrics statements="74" coveredstatements="69" conditionals="18" coveredconditionals="14" methods="23" coveredmethods="21"/>
      <file name="Feedback.jsx" path="/home/coelho/Projetos-Trybe/Projetos-Turma23A/sd-023-a-project-trivia-react-redux/src/Pages/Feedback.jsx">
        <metrics statements="17" coveredstatements="17" conditionals="4" coveredconditionals="4" methods="6" coveredmethods="6"/>
        <line num="9" count="5" type="stmt"/>
        <line num="10" count="5" type="stmt"/>
        <line num="17" count="5" type="stmt"/>
        <line num="18" count="1" type="stmt"/>
        <line num="19" count="1" type="stmt"/>
        <line num="20" count="1" type="stmt"/>
        <line num="23" count="5" type="stmt"/>
        <line num="24" count="1" type="stmt"/>
        <line num="25" count="1" type="stmt"/>
        <line num="28" count="5" type="stmt"/>
        <line num="29" count="5" type="stmt"/>
        <line num="30" count="5" type="cond" truecount="2" falsecount="0"/>
        <line num="34" count="5" type="stmt"/>
        <line num="35" count="5" type="stmt"/>
        <line num="36" count="5" type="stmt"/>
        <line num="67" count="3" type="stmt"/>
        <line num="82" count="6" type="stmt"/>
      </file>
      <file name="GamePage.jsx" path="/home/coelho/Projetos-Trybe/Projetos-Turma23A/sd-023-a-project-trivia-react-redux/src/Pages/GamePage.jsx">
        <metrics statements="21" coveredstatements="16" conditionals="10" coveredconditionals="6" methods="5" coveredmethods="3"/>
        <line num="10" count="3" type="stmt"/>
        <line num="12" count="1" type="stmt"/>
        <line num="17" count="1" type="stmt"/>
        <line num="18" count="1" type="stmt"/>
        <line num="19" count="1" type="stmt"/>
        <line num="20" count="1" type="cond" truecount="1" falsecount="1"/>
        <line num="21" count="0" type="stmt"/>
        <line num="22" count="0" type="stmt"/>
        <line num="24" count="1" type="stmt"/>
        <line num="28" count="1" type="cond" truecount="1" falsecount="1"/>
        <line num="29" count="1" type="stmt"/>
        <line num="33" count="1" type="stmt"/>
        <line num="34" count="0" type="stmt"/>
        <line num="35" count="0" type="stmt"/>
        <line num="39" count="2" type="stmt"/>
        <line num="40" count="2" type="stmt"/>
        <line num="41" count="2" type="stmt"/>
        <line num="42" count="2" type="stmt"/>
        <line num="56" count="0" type="stmt"/>
        <line num="67" count="3" type="stmt"/>
        <line num="78" count="3" type="stmt"/>
      </file>
      <file name="Login.jsx" path="/home/coelho/Projetos-Trybe/Projetos-Turma23A/sd-023-a-project-trivia-react-redux/src/Pages/Login.jsx">
        <metrics statements="24" coveredstatements="24" conditionals="2" coveredconditionals="2" methods="6" coveredmethods="6"/>
        <line num="8" count="6" type="stmt"/>
        <line num="14" count="6" type="stmt"/>
        <line num="15" count="1" type="stmt"/>
        <line num="16" count="1" type="stmt"/>
        <line num="19" count="6" type="stmt"/>
        <line num="20" count="1" type="stmt"/>
        <line num="21" count="1" type="stmt"/>
        <line num="22" count="1" type="stmt"/>
        <line num="23" count="1" type="stmt"/>
        <line num="24" count="1" type="stmt"/>
        <line num="25" count="1" type="stmt"/>
        <line num="26" count="1" type="stmt"/>
        <line num="29" count="6" type="stmt"/>
        <line num="30" count="58" type="stmt"/>
        <line num="31" count="58" type="stmt"/>
        <line num="33" count="58" type="stmt"/>
        <line num="39" count="116" type="cond" truecount="2" falsecount="0"/>
        <line num="40" count="2" type="stmt"/>
        <line num="42" count="56" type="stmt"/>
        <line num="46" count="6" type="stmt"/>
        <line num="47" count="58" type="stmt"/>
        <line num="51" count="122" type="stmt"/>
        <line num="52" count="122" type="stmt"/>
        <line num="98" count="3" type="stmt"/>
      </file>
      <file name="Ranking.jsx" path="/home/coelho/Projetos-Trybe/Projetos-Turma23A/sd-023-a-project-trivia-react-redux/src/Pages/Ranking.jsx">
        <metrics statements="11" coveredstatements="11" conditionals="2" coveredconditionals="2" methods="5" coveredmethods="5"/>
        <line num="7" count="4" type="stmt"/>
        <line num="12" count="4" type="stmt"/>
        <line num="17" count="4" type="stmt"/>
        <line num="18" count="1" type="stmt"/>
        <line num="19" count="1" type="stmt"/>
        <line num="20" count="1" type="stmt"/>
        <line num="24" count="8" type="stmt"/>
        <line num="25" count="8" type="stmt"/>
        <line num="39" count="8" type="stmt"/>
        <line num="41" count="12" type="stmt"/>
        <line num="63" count="3" type="stmt"/>
      </file>
      <file name="Settings.jsx" path="/home/coelho/Projetos-Trybe/Projetos-Turma23A/sd-023-a-project-trivia-react-redux/src/Pages/Settings.jsx">
        <metrics statements="1" coveredstatements="1" conditionals="0" coveredconditionals="0" methods="1" coveredmethods="1"/>
        <line num="5" count="1" type="stmt"/>
      </file>
    </package>
    <package name="src.components">
      <metrics statements="36" coveredstatements="15" conditionals="22" coveredconditionals="5" methods="12" coveredmethods="5"/>
      <file name="Header.jsx" path="/home/coelho/Projetos-Trybe/Projetos-Turma23A/sd-023-a-project-trivia-react-redux/src/components/Header.jsx">
        <metrics statements="4" coveredstatements="4" conditionals="0" coveredconditionals="0" methods="2" coveredmethods="2"/>
        <line num="8" count="6" type="stmt"/>
        <line num="9" count="6" type="stmt"/>
        <line num="28" count="3" type="stmt"/>
        <line num="34" count="6" type="stmt"/>
      </file>
      <file name="Question.jsx" path="/home/coelho/Projetos-Trybe/Projetos-Turma23A/sd-023-a-project-trivia-react-redux/src/components/Question.jsx">
        <metrics statements="32" coveredstatements="11" conditionals="22" coveredconditionals="5" methods="10" coveredmethods="3"/>
        <line num="7" count="3" type="stmt"/>
        <line num="8" count="3" type="stmt"/>
        <line num="11" count="1" type="stmt"/>
        <line num="19" count="1" type="stmt"/>
        <line num="20" count="0" type="stmt"/>
        <line num="25" count="0" type="stmt"/>
        <line num="26" count="0" type="stmt"/>
        <line num="27" count="0" type="cond" truecount="0" falsecount="2"/>
        <line num="28" count="0" type="stmt"/>
        <line num="29" count="0" type="stmt"/>
        <line num="34" count="0" type="cond" truecount="0" falsecount="2"/>
        <line num="35" count="0" type="stmt"/>
        <line num="40" count="0" type="stmt"/>
        <line num="46" count="1" type="stmt"/>
        <line num="49" count="1" type="stmt"/>
        <line num="50" count="0" type="stmt"/>
        <line num="51" count="0" type="stmt"/>
        <line num="52" count="0" type="stmt"/>
        <line num="53" count="0" type="cond" truecount="0" falsecount="4"/>
        <line num="54" count="0" type="stmt"/>
        <line num="56" count="0" type="cond" truecount="0" falsecount="2"/>
        <line num="57" count="0" type="stmt"/>
        <line num="59" count="0" type="stmt"/>
        <line num="65" count="1" type="stmt"/>
        <line num="66" count="1" type="stmt"/>
        <line num="67" count="1" type="stmt"/>
        <line num="78" count="0" type="stmt"/>
        <line num="79" count="0" type="cond" truecount="0" falsecount="2"/>
        <line num="80" count="0" type="stmt"/>
        <line num="85" count="0" type="stmt"/>
        <line num="100" count="3" type="stmt"/>
        <line num="105" count="3" type="stmt"/>
      </file>
    </package>
    <package name="src.helpers">
      <metrics statements="14" coveredstatements="12" conditionals="0" coveredconditionals="0" methods="2" coveredmethods="2"/>
      <file name="triviaApi.js" path="/home/coelho/Projetos-Trybe/Projetos-Turma23A/sd-023-a-project-trivia-react-redux/src/helpers/triviaApi.js">
        <metrics statements="14" coveredstatements="12" conditionals="0" coveredconditionals="0" methods="2" coveredmethods="2"/>
        <line num="1" count="3" type="stmt"/>
        <line num="2" count="1" type="stmt"/>
        <line num="3" count="1" type="stmt"/>
        <line num="4" count="1" type="stmt"/>
        <line num="5" count="1" type="stmt"/>
        <line num="6" count="1" type="stmt"/>
        <line num="8" count="0" type="stmt"/>
        <line num="12" count="3" type="stmt"/>
        <line num="13" count="1" type="stmt"/>
        <line num="14" count="1" type="stmt"/>
        <line num="15" count="1" type="stmt"/>
        <line num="16" count="1" type="stmt"/>
        <line num="17" count="1" type="stmt"/>
        <line num="19" count="0" type="stmt"/>
      </file>
    </package>
  </project>
</coverage>
