{"/home/coelho/Projetos-Trybe/Projetos-Turma23A/sd-023-a-project-trivia-react-redux/src/App.js": {"path":"/home/coelho/Projetos-Trybe/Projetos-Turma23A/sd-023-a-project-trivia-react-redux/src/App.js","statementMap":{"0":{"start":{"line":10,"column":2},"end":{"line":20,"column":4}}},"fnMap":{"0":{"name":"App","decl":{"start":{"line":9,"column":24},"end":{"line":9,"column":27}},"loc":{"start":{"line":9,"column":30},"end":{"line":21,"column":1}},"line":9}},"branchMap":{},"s":{"0":12},"f":{"0":12},"b":{},"_coverageSchema":"1a1c01bbd47fc00a2c39e90264f33305004495a9","hash":"636e77e4fe65df13bf0b3ece7a82d5ff74da95d0"}
,"/home/coelho/Projetos-Trybe/Projetos-Turma23A/sd-023-a-project-trivia-react-redux/src/Pages/Feedback.jsx": {"path":"/home/coelho/Projetos-Trybe/Projetos-Turma23A/sd-023-a-project-trivia-react-redux/src/Pages/Feedback.jsx","statementMap":{"0":{"start":{"line":9,"column":29},"end":{"line":9,"column":39}},"1":{"start":{"line":10,"column":4},"end":{"line":14,"column":7}},"2":{"start":{"line":17,"column":25},"end":{"line":21,"column":3}},"3":{"start":{"line":18,"column":34},"end":{"line":18,"column":44}},"4":{"start":{"line":19,"column":4},"end":{"line":19,"column":24}},"5":{"start":{"line":20,"column":4},"end":{"line":20,"column":22}},"6":{"start":{"line":23,"column":23},"end":{"line":26,"column":3}},"7":{"start":{"line":24,"column":24},"end":{"line":24,"column":34}},"8":{"start":{"line":25,"column":4},"end":{"line":25,"column":29}},"9":{"start":{"line":28,"column":18},"end":{"line":31,"column":3}},"10":{"start":{"line":29,"column":27},"end":{"line":29,"column":70}},"11":{"start":{"line":30,"column":4},"end":{"line":30,"column":87}},"12":{"start":{"line":34,"column":23},"end":{"line":34,"column":33}},"13":{"start":{"line":35,"column":22},"end":{"line":35,"column":23}},"14":{"start":{"line":36,"column":4},"end":{"line":63,"column":6}},"15":{"start":{"line":67,"column":0},"end":{"line":80,"column":2}},"16":{"start":{"line":82,"column":24},"end":{"line":85,"column":2}},"17":{"start":{"line":82,"column":47},"end":{"line":85,"column":1}}},"fnMap":{"0":{"name":"(anonymous_0)","decl":{"start":{"line":8,"column":2},"end":{"line":8,"column":3}},"loc":{"start":{"line":8,"column":22},"end":{"line":15,"column":3}},"line":8},"1":{"name":"(anonymous_1)","decl":{"start":{"line":17,"column":25},"end":{"line":17,"column":26}},"loc":{"start":{"line":17,"column":31},"end":{"line":21,"column":3}},"line":17},"2":{"name":"(anonymous_2)","decl":{"start":{"line":23,"column":23},"end":{"line":23,"column":24}},"loc":{"start":{"line":23,"column":29},"end":{"line":26,"column":3}},"line":23},"3":{"name":"(anonymous_3)","decl":{"start":{"line":28,"column":18},"end":{"line":28,"column":19}},"loc":{"start":{"line":28,"column":30},"end":{"line":31,"column":3}},"line":28},"4":{"name":"(anonymous_4)","decl":{"start":{"line":33,"column":2},"end":{"line":33,"column":3}},"loc":{"start":{"line":33,"column":11},"end":{"line":64,"column":3}},"line":33},"5":{"name":"(anonymous_5)","decl":{"start":{"line":82,"column":24},"end":{"line":82,"column":25}},"loc":{"start":{"line":82,"column":47},"end":{"line":85,"column":1}},"line":82}},"branchMap":{"0":{"loc":{"start":{"line":30,"column":55},"end":{"line":30,"column":75}},"type":"binary-expr","locations":[{"start":{"line":30,"column":55},"end":{"line":30,"column":69}},{"start":{"line":30,"column":73},"end":{"line":30,"column":75}}],"line":30},"1":{"loc":{"start":{"line":42,"column":12},"end":{"line":42,"column":79}},"type":"cond-expr","locations":[{"start":{"line":42,"column":44},"end":{"line":42,"column":64}},{"start":{"line":42,"column":67},"end":{"line":42,"column":79}}],"line":42}},"s":{"0":5,"1":5,"2":5,"3":1,"4":1,"5":1,"6":5,"7":1,"8":1,"9":5,"10":5,"11":5,"12":5,"13":5,"14":5,"15":3,"16":3,"17":6},"f":{"0":5,"1":1,"2":1,"3":5,"4":5,"5":6},"b":{"0":[5,1],"1":[4,1]},"_coverageSchema":"1a1c01bbd47fc00a2c39e90264f33305004495a9","hash":"77cc0753bc32ab8bd19cdbe1cb56eb9a3a0f2492"}
,"/home/coelho/Projetos-Trybe/Projetos-Turma23A/sd-023-a-project-trivia-react-redux/src/Pages/GamePage.jsx": {"path":"/home/coelho/Projetos-Trybe/Projetos-Turma23A/sd-023-a-project-trivia-react-redux/src/Pages/GamePage.jsx","statementMap":{"0":{"start":{"line":10,"column":19},"end":{"line":10,"column":20}},"1":{"start":{"line":12,"column":10},"end":{"line":14,"column":3}},"2":{"start":{"line":17,"column":24},"end":{"line":17,"column":34}},"3":{"start":{"line":18,"column":30},"end":{"line":18,"column":59}},"4":{"start":{"line":19,"column":17},"end":{"line":19,"column":56}},"5":{"start":{"line":20,"column":4},"end":{"line":27,"column":5}},"6":{"start":{"line":21,"column":6},"end":{"line":21,"column":40}},"7":{"start":{"line":22,"column":6},"end":{"line":22,"column":24}},"8":{"start":{"line":24,"column":6},"end":{"line":26,"column":9}},"9":{"start":{"line":28,"column":4},"end":{"line":30,"column":5}},"10":{"start":{"line":29,"column":6},"end":{"line":29,"column":58}},"11":{"start":{"line":33,"column":22},"end":{"line":36,"column":3}},"12":{"start":{"line":34,"column":25},"end":{"line":34,"column":35}},"13":{"start":{"line":35,"column":4},"end":{"line":35,"column":26}},"14":{"start":{"line":39,"column":22},"end":{"line":39,"column":23}},"15":{"start":{"line":40,"column":26},"end":{"line":40,"column":36}},"16":{"start":{"line":41,"column":21},"end":{"line":41,"column":31}},"17":{"start":{"line":42,"column":4},"end":{"line":63,"column":6}},"18":{"start":{"line":56,"column":28},"end":{"line":56,"column":52}},"19":{"start":{"line":67,"column":0},"end":{"line":76,"column":2}},"20":{"start":{"line":78,"column":24},"end":{"line":80,"column":2}},"21":{"start":{"line":78,"column":39},"end":{"line":80,"column":1}}},"fnMap":{"0":{"name":"(anonymous_0)","decl":{"start":{"line":16,"column":2},"end":{"line":16,"column":3}},"loc":{"start":{"line":16,"column":28},"end":{"line":31,"column":3}},"line":16},"1":{"name":"(anonymous_1)","decl":{"start":{"line":33,"column":22},"end":{"line":33,"column":23}},"loc":{"start":{"line":33,"column":28},"end":{"line":36,"column":3}},"line":33},"2":{"name":"(anonymous_2)","decl":{"start":{"line":38,"column":2},"end":{"line":38,"column":3}},"loc":{"start":{"line":38,"column":11},"end":{"line":64,"column":3}},"line":38},"3":{"name":"(anonymous_3)","decl":{"start":{"line":56,"column":22},"end":{"line":56,"column":23}},"loc":{"start":{"line":56,"column":28},"end":{"line":56,"column":52}},"line":56},"4":{"name":"(anonymous_4)","decl":{"start":{"line":78,"column":24},"end":{"line":78,"column":25}},"loc":{"start":{"line":78,"column":39},"end":{"line":80,"column":1}},"line":78}},"branchMap":{"0":{"loc":{"start":{"line":20,"column":4},"end":{"line":27,"column":5}},"type":"if","locations":[{"start":{"line":20,"column":4},"end":{"line":27,"column":5}},{"start":{"line":23,"column":11},"end":{"line":27,"column":5}}],"line":20},"1":{"loc":{"start":{"line":28,"column":4},"end":{"line":30,"column":5}},"type":"if","locations":[{"start":{"line":28,"column":4},"end":{"line":30,"column":5}},{"start":{},"end":{}}],"line":28},"2":{"loc":{"start":{"line":44,"column":10},"end":{"line":44,"column":64}},"type":"binary-expr","locations":[{"start":{"line":44,"column":10},"end":{"line":44,"column":33}},{"start":{"line":44,"column":37},"end":{"line":44,"column":64}}],"line":44},"3":{"loc":{"start":{"line":47,"column":11},"end":{"line":51,"column":11}},"type":"binary-expr","locations":[{"start":{"line":47,"column":11},"end":{"line":47,"column":20}},{"start":{"line":48,"column":12},"end":{"line":50,"column":14}}],"line":47},"4":{"loc":{"start":{"line":53,"column":10},"end":{"line":61,"column":9}},"type":"binary-expr","locations":[{"start":{"line":53,"column":10},"end":{"line":53,"column":41}},{"start":{"line":54,"column":10},"end":{"line":60,"column":19}}],"line":53}},"s":{"0":3,"1":1,"2":1,"3":1,"4":1,"5":1,"6":0,"7":0,"8":1,"9":1,"10":1,"11":1,"12":0,"13":0,"14":2,"15":2,"16":2,"17":2,"18":0,"19":3,"20":3,"21":1},"f":{"0":1,"1":0,"2":2,"3":0,"4":1},"b":{"0":[0,1],"1":[1,0],"2":[2,0],"3":[2,1],"4":[2,0]},"_coverageSchema":"1a1c01bbd47fc00a2c39e90264f33305004495a9","hash":"a6c6e2bf347d61e714743c84608abb8bc941d9bc"}
,"/home/coelho/Projetos-Trybe/Projetos-Turma23A/sd-023-a-project-trivia-react-redux/src/Pages/Login.jsx": {"path":"/home/coelho/Projetos-Trybe/Projetos-Turma23A/sd-023-a-project-trivia-react-redux/src/Pages/Login.jsx","statementMap":{"0":{"start":{"line":8,"column":10},"end":{"line":12,"column":3}},"1":{"start":{"line":14,"column":23},"end":{"line":17,"column":3}},"2":{"start":{"line":15,"column":24},"end":{"line":15,"column":34}},"3":{"start":{"line":16,"column":4},"end":{"line":16,"column":30}},"4":{"start":{"line":19,"column":22},"end":{"line":27,"column":3}},"5":{"start":{"line":20,"column":34},"end":{"line":20,"column":44}},"6":{"start":{"line":21,"column":38},"end":{"line":21,"column":48}},"7":{"start":{"line":22,"column":4},"end":{"line":22,"column":27}},"8":{"start":{"line":23,"column":21},"end":{"line":23,"column":39}},"9":{"start":{"line":24,"column":4},"end":{"line":24,"column":50}},"10":{"start":{"line":25,"column":4},"end":{"line":25,"column":64}},"11":{"start":{"line":26,"column":4},"end":{"line":26,"column":26}},"12":{"start":{"line":29,"column":16},"end":{"line":44,"column":3}},"13":{"start":{"line":30,"column":38},"end":{"line":30,"column":48}},"14":{"start":{"line":31,"column":22},"end":{"line":31,"column":83}},"15":{"start":{"line":33,"column":18},"end":{"line":37,"column":5}},"16":{"start":{"line":39,"column":4},"end":{"line":43,"column":5}},"17":{"start":{"line":39,"column":30},"end":{"line":39,"column":43}},"18":{"start":{"line":40,"column":6},"end":{"line":40,"column":43}},"19":{"start":{"line":42,"column":6},"end":{"line":42,"column":42}},"20":{"start":{"line":46,"column":18},"end":{"line":48,"column":3}},"21":{"start":{"line":47,"column":4},"end":{"line":47,"column":69}},"22":{"start":{"line":51,"column":50},"end":{"line":51,"column":60}},"23":{"start":{"line":52,"column":4},"end":{"line":94,"column":6}},"24":{"start":{"line":98,"column":0},"end":{"line":103,"column":2}}},"fnMap":{"0":{"name":"(anonymous_0)","decl":{"start":{"line":14,"column":23},"end":{"line":14,"column":24}},"loc":{"start":{"line":14,"column":29},"end":{"line":17,"column":3}},"line":14},"1":{"name":"(anonymous_1)","decl":{"start":{"line":19,"column":22},"end":{"line":19,"column":23}},"loc":{"start":{"line":19,"column":39},"end":{"line":27,"column":3}},"line":19},"2":{"name":"(anonymous_2)","decl":{"start":{"line":29,"column":16},"end":{"line":29,"column":17}},"loc":{"start":{"line":29,"column":22},"end":{"line":44,"column":3}},"line":29},"3":{"name":"(anonymous_3)","decl":{"start":{"line":39,"column":20},"end":{"line":39,"column":21}},"loc":{"start":{"line":39,"column":30},"end":{"line":39,"column":43}},"line":39},"4":{"name":"(anonymous_4)","decl":{"start":{"line":46,"column":18},"end":{"line":46,"column":19}},"loc":{"start":{"line":46,"column":34},"end":{"line":48,"column":3}},"line":46},"5":{"name":"(anonymous_5)","decl":{"start":{"line":50,"column":2},"end":{"line":50,"column":3}},"loc":{"start":{"line":50,"column":11},"end":{"line":95,"column":3}},"line":50}},"branchMap":{"0":{"loc":{"start":{"line":39,"column":4},"end":{"line":43,"column":5}},"type":"if","locations":[{"start":{"line":39,"column":4},"end":{"line":43,"column":5}},{"start":{"line":41,"column":11},"end":{"line":43,"column":5}}],"line":39}},"s":{"0":6,"1":6,"2":1,"3":1,"4":6,"5":1,"6":1,"7":1,"8":1,"9":1,"10":1,"11":1,"12":6,"13":58,"14":58,"15":58,"16":58,"17":116,"18":2,"19":56,"20":6,"21":58,"22":122,"23":122,"24":3},"f":{"0":1,"1":1,"2":58,"3":116,"4":58,"5":122},"b":{"0":[2,56]},"_coverageSchema":"1a1c01bbd47fc00a2c39e90264f33305004495a9","hash":"f56280d6cc632b7623613da820cd3b058c942114"}
,"/home/coelho/Projetos-Trybe/Projetos-Turma23A/sd-023-a-project-trivia-react-redux/src/Pages/Ranking.jsx": {"path":"/home/coelho/Projetos-Trybe/Projetos-Turma23A/sd-023-a-project-trivia-react-redux/src/Pages/Ranking.jsx","statementMap":{"0":{"start":{"line":7,"column":10},"end":{"line":9,"column":3}},"1":{"start":{"line":12,"column":4},"end":{"line":14,"column":7}},"2":{"start":{"line":17,"column":22},"end":{"line":21,"column":3}},"3":{"start":{"line":18,"column":34},"end":{"line":18,"column":44}},"4":{"start":{"line":19,"column":4},"end":{"line":19,"column":24}},"5":{"start":{"line":20,"column":4},"end":{"line":20,"column":22}},"6":{"start":{"line":24,"column":24},"end":{"line":24,"column":34}},"7":{"start":{"line":25,"column":4},"end":{"line":59,"column":6}},"8":{"start":{"line":39,"column":37},"end":{"line":39,"column":54}},"9":{"start":{"line":41,"column":18},"end":{"line":46,"column":23}},"10":{"start":{"line":63,"column":0},"end":{"line":68,"column":2}}},"fnMap":{"0":{"name":"(anonymous_0)","decl":{"start":{"line":11,"column":2},"end":{"line":11,"column":3}},"loc":{"start":{"line":11,"column":22},"end":{"line":15,"column":3}},"line":11},"1":{"name":"(anonymous_1)","decl":{"start":{"line":17,"column":22},"end":{"line":17,"column":23}},"loc":{"start":{"line":17,"column":28},"end":{"line":21,"column":3}},"line":17},"2":{"name":"(anonymous_2)","decl":{"start":{"line":23,"column":2},"end":{"line":23,"column":3}},"loc":{"start":{"line":23,"column":11},"end":{"line":60,"column":3}},"line":23},"3":{"name":"(anonymous_3)","decl":{"start":{"line":39,"column":27},"end":{"line":39,"column":28}},"loc":{"start":{"line":39,"column":37},"end":{"line":39,"column":54}},"line":39},"4":{"name":"(anonymous_4)","decl":{"start":{"line":40,"column":21},"end":{"line":40,"column":22}},"loc":{"start":{"line":41,"column":18},"end":{"line":46,"column":23}},"line":41}},"branchMap":{"0":{"loc":{"start":{"line":38,"column":13},"end":{"line":48,"column":13}},"type":"binary-expr","locations":[{"start":{"line":38,"column":13},"end":{"line":38,"column":31}},{"start":{"line":39,"column":14},"end":{"line":47,"column":18}}],"line":38}},"s":{"0":4,"1":4,"2":4,"3":1,"4":1,"5":1,"6":8,"7":8,"8":8,"9":12,"10":3},"f":{"0":4,"1":1,"2":8,"3":8,"4":12},"b":{"0":[8,4]},"_coverageSchema":"1a1c01bbd47fc00a2c39e90264f33305004495a9","hash":"458c8a3c1d5f50a32a17e715482707cc77843d69"}
,"/home/coelho/Projetos-Trybe/Projetos-Turma23A/sd-023-a-project-trivia-react-redux/src/Pages/Settings.jsx": {"path":"/home/coelho/Projetos-Trybe/Projetos-Turma23A/sd-023-a-project-trivia-react-redux/src/Pages/Settings.jsx","statementMap":{"0":{"start":{"line":5,"column":4},"end":{"line":9,"column":6}}},"fnMap":{"0":{"name":"(anonymous_0)","decl":{"start":{"line":4,"column":2},"end":{"line":4,"column":3}},"loc":{"start":{"line":4,"column":11},"end":{"line":10,"column":3}},"line":4}},"branchMap":{},"s":{"0":1},"f":{"0":1},"b":{},"_coverageSchema":"1a1c01bbd47fc00a2c39e90264f33305004495a9","hash":"de84b04080f3f8a76c3fea27be7f81bcbeb30b1e"}
,"/home/coelho/Projetos-Trybe/Projetos-Turma23A/sd-023-a-project-trivia-react-redux/src/components/Header.jsx": {"path":"/home/coelho/Projetos-Trybe/Projetos-Turma23A/sd-023-a-project-trivia-react-redux/src/components/Header.jsx","statementMap":{"0":{"start":{"line":8,"column":38},"end":{"line":8,"column":48}},"1":{"start":{"line":9,"column":4},"end":{"line":24,"column":6}},"2":{"start":{"line":28,"column":0},"end":{"line":32,"column":2}},"3":{"start":{"line":34,"column":24},"end":{"line":38,"column":2}},"4":{"start":{"line":34,"column":47},"end":{"line":38,"column":1}}},"fnMap":{"0":{"name":"(anonymous_0)","decl":{"start":{"line":7,"column":2},"end":{"line":7,"column":3}},"loc":{"start":{"line":7,"column":11},"end":{"line":25,"column":3}},"line":7},"1":{"name":"(anonymous_1)","decl":{"start":{"line":34,"column":24},"end":{"line":34,"column":25}},"loc":{"start":{"line":34,"column":47},"end":{"line":38,"column":1}},"line":34}},"branchMap":{},"s":{"0":6,"1":6,"2":3,"3":3,"4":6},"f":{"0":6,"1":6},"b":{},"_coverageSchema":"1a1c01bbd47fc00a2c39e90264f33305004495a9","hash":"6cd72f19f5300f1d100f9ed7879e0ca3763bf72e"}
,"/home/coelho/Projetos-Trybe/Projetos-Turma23A/sd-023-a-project-trivia-react-redux/src/components/Question.jsx": {"path":"/home/coelho/Projetos-Trybe/Projetos-Turma23A/sd-023-a-project-trivia-react-redux/src/components/Question.jsx","statementMap":{"0":{"start":{"line":7,"column":15},"end":{"line":7,"column":18}},"1":{"start":{"line":8,"column":19},"end":{"line":8,"column":23}},"2":{"start":{"line":11,"column":10},"end":{"line":16,"column":3}},"3":{"start":{"line":19,"column":4},"end":{"line":21,"column":19}},"4":{"start":{"line":20,"column":6},"end":{"line":20,"column":69}},"5":{"start":{"line":20,"column":36},"end":{"line":20,"column":66}},"6":{"start":{"line":25,"column":25},"end":{"line":25,"column":35}},"7":{"start":{"line":26,"column":22},"end":{"line":26,"column":32}},"8":{"start":{"line":27,"column":4},"end":{"line":33,"column":5}},"9":{"start":{"line":28,"column":6},"end":{"line":28,"column":37}},"10":{"start":{"line":29,"column":6},"end":{"line":32,"column":9}},"11":{"start":{"line":34,"column":4},"end":{"line":42,"column":5}},"12":{"start":{"line":35,"column":6},"end":{"line":41,"column":9}},"13":{"start":{"line":40,"column":22},"end":{"line":40,"column":44}},"14":{"start":{"line":46,"column":4},"end":{"line":46,"column":35}},"15":{"start":{"line":49,"column":16},"end":{"line":62,"column":3}},"16":{"start":{"line":50,"column":35},"end":{"line":50,"column":45}},"17":{"start":{"line":51,"column":32},"end":{"line":51,"column":42}},"18":{"start":{"line":52,"column":18},"end":{"line":52,"column":49}},"19":{"start":{"line":53,"column":4},"end":{"line":55,"column":5}},"20":{"start":{"line":54,"column":6},"end":{"line":54,"column":63}},"21":{"start":{"line":56,"column":4},"end":{"line":58,"column":5}},"22":{"start":{"line":57,"column":6},"end":{"line":57,"column":32}},"23":{"start":{"line":59,"column":4},"end":{"line":61,"column":7}},"24":{"start":{"line":65,"column":25},"end":{"line":65,"column":35}},"25":{"start":{"line":66,"column":45},"end":{"line":66,"column":55}},"26":{"start":{"line":67,"column":4},"end":{"line":96,"column":6}},"27":{"start":{"line":78,"column":32},"end":{"line":78,"column":66}},"28":{"start":{"line":79,"column":34},"end":{"line":79,"column":65}},"29":{"start":{"line":80,"column":14},"end":{"line":91,"column":16}},"30":{"start":{"line":85,"column":34},"end":{"line":85,"column":58}},"31":{"start":{"line":100,"column":0},"end":{"line":103,"column":2}},"32":{"start":{"line":105,"column":0},"end":{"line":109,"column":2}}},"fnMap":{"0":{"name":"(anonymous_0)","decl":{"start":{"line":18,"column":2},"end":{"line":18,"column":3}},"loc":{"start":{"line":18,"column":22},"end":{"line":22,"column":3}},"line":18},"1":{"name":"(anonymous_1)","decl":{"start":{"line":19,"column":34},"end":{"line":19,"column":35}},"loc":{"start":{"line":19,"column":40},"end":{"line":21,"column":5}},"line":19},"2":{"name":"(anonymous_2)","decl":{"start":{"line":20,"column":20},"end":{"line":20,"column":21}},"loc":{"start":{"line":20,"column":36},"end":{"line":20,"column":66}},"line":20},"3":{"name":"(anonymous_3)","decl":{"start":{"line":24,"column":2},"end":{"line":24,"column":3}},"loc":{"start":{"line":24,"column":32},"end":{"line":43,"column":3}},"line":24},"4":{"name":"(anonymous_4)","decl":{"start":{"line":40,"column":16},"end":{"line":40,"column":17}},"loc":{"start":{"line":40,"column":22},"end":{"line":40,"column":44}},"line":40},"5":{"name":"(anonymous_5)","decl":{"start":{"line":45,"column":2},"end":{"line":45,"column":3}},"loc":{"start":{"line":45,"column":25},"end":{"line":47,"column":3}},"line":45},"6":{"name":"(anonymous_6)","decl":{"start":{"line":49,"column":16},"end":{"line":49,"column":17}},"loc":{"start":{"line":49,"column":28},"end":{"line":62,"column":3}},"line":49},"7":{"name":"(anonymous_7)","decl":{"start":{"line":64,"column":2},"end":{"line":64,"column":3}},"loc":{"start":{"line":64,"column":11},"end":{"line":97,"column":3}},"line":64},"8":{"name":"(anonymous_8)","decl":{"start":{"line":77,"column":26},"end":{"line":77,"column":27}},"loc":{"start":{"line":77,"column":45},"end":{"line":92,"column":13}},"line":77},"9":{"name":"(anonymous_9)","decl":{"start":{"line":85,"column":28},"end":{"line":85,"column":29}},"loc":{"start":{"line":85,"column":34},"end":{"line":85,"column":58}},"line":85}},"branchMap":{"0":{"loc":{"start":{"line":27,"column":4},"end":{"line":33,"column":5}},"type":"if","locations":[{"start":{"line":27,"column":4},"end":{"line":33,"column":5}},{"start":{},"end":{}}],"line":27},"1":{"loc":{"start":{"line":34,"column":4},"end":{"line":42,"column":5}},"type":"if","locations":[{"start":{"line":34,"column":4},"end":{"line":42,"column":5}},{"start":{},"end":{}}],"line":34},"2":{"loc":{"start":{"line":53,"column":4},"end":{"line":55,"column":5}},"type":"if","locations":[{"start":{"line":53,"column":4},"end":{"line":55,"column":5}},{"start":{},"end":{}}],"line":53},"3":{"loc":{"start":{"line":53,"column":8},"end":{"line":53,"column":55}},"type":"binary-expr","locations":[{"start":{"line":53,"column":8},"end":{"line":53,"column":17}},{"start":{"line":53,"column":21},"end":{"line":53,"column":55}}],"line":53},"4":{"loc":{"start":{"line":56,"column":4},"end":{"line":58,"column":5}},"type":"if","locations":[{"start":{"line":56,"column":4},"end":{"line":58,"column":5}},{"start":{},"end":{}}],"line":56},"5":{"loc":{"start":{"line":70,"column":11},"end":{"line":70,"column":40}},"type":"binary-expr","locations":[{"start":{"line":70,"column":11},"end":{"line":70,"column":19}},{"start":{"line":70,"column":23},"end":{"line":70,"column":40}}],"line":70},"6":{"loc":{"start":{"line":73,"column":11},"end":{"line":73,"column":40}},"type":"binary-expr","locations":[{"start":{"line":73,"column":11},"end":{"line":73,"column":19}},{"start":{"line":73,"column":23},"end":{"line":73,"column":40}}],"line":73},"7":{"loc":{"start":{"line":75,"column":9},"end":{"line":94,"column":9}},"type":"binary-expr","locations":[{"start":{"line":75,"column":9},"end":{"line":75,"column":27}},{"start":{"line":76,"column":10},"end":{"line":93,"column":16}}],"line":75},"8":{"loc":{"start":{"line":79,"column":34},"end":{"line":79,"column":65}},"type":"cond-expr","locations":[{"start":{"line":79,"column":46},"end":{"line":79,"column":55}},{"start":{"line":79,"column":58},"end":{"line":79,"column":65}}],"line":79},"9":{"loc":{"start":{"line":84,"column":30},"end":{"line":84,"column":69}},"type":"cond-expr","locations":[{"start":{"line":84,"column":41},"end":{"line":84,"column":52}},{"start":{"line":84,"column":55},"end":{"line":84,"column":69}}],"line":84},"10":{"loc":{"start":{"line":86,"column":32},"end":{"line":86,"column":77}},"type":"cond-expr","locations":[{"start":{"line":86,"column":44},"end":{"line":86,"column":60}},{"start":{"line":86,"column":63},"end":{"line":86,"column":77}}],"line":86}},"s":{"0":3,"1":3,"2":1,"3":1,"4":0,"5":0,"6":0,"7":0,"8":0,"9":0,"10":0,"11":0,"12":0,"13":0,"14":1,"15":1,"16":0,"17":0,"18":0,"19":0,"20":0,"21":0,"22":0,"23":0,"24":1,"25":1,"26":1,"27":0,"28":0,"29":0,"30":0,"31":3,"32":3},"f":{"0":1,"1":0,"2":0,"3":0,"4":0,"5":1,"6":0,"7":1,"8":0,"9":0},"b":{"0":[0,0],"1":[0,0],"2":[0,0],"3":[0,0],"4":[0,0],"5":[1,1],"6":[1,1],"7":[1,0],"8":[0,0],"9":[0,0],"10":[0,0]},"_coverageSchema":"1a1c01bbd47fc00a2c39e90264f33305004495a9","hash":"a447be600cb052e74d87162a63b44a71b5ee674f"}
,"/home/coelho/Projetos-Trybe/Projetos-Turma23A/sd-023-a-project-trivia-react-redux/src/helpers/triviaApi.js": {"path":"/home/coelho/Projetos-Trybe/Projetos-Turma23A/sd-023-a-project-trivia-react-redux/src/helpers/triviaApi.js","statementMap":{"0":{"start":{"line":1,"column":26},"end":{"line":10,"column":1}},"1":{"start":{"line":2,"column":14},"end":{"line":2,"column":65}},"2":{"start":{"line":3,"column":2},"end":{"line":9,"column":3}},"3":{"start":{"line":4,"column":21},"end":{"line":4,"column":37}},"4":{"start":{"line":5,"column":17},"end":{"line":5,"column":38}},"5":{"start":{"line":6,"column":4},"end":{"line":6,"column":16}},"6":{"start":{"line":8,"column":4},"end":{"line":8,"column":17}},"7":{"start":{"line":12,"column":30},"end":{"line":21,"column":1}},"8":{"start":{"line":13,"column":14},"end":{"line":13,"column":67}},"9":{"start":{"line":14,"column":2},"end":{"line":20,"column":3}},"10":{"start":{"line":15,"column":21},"end":{"line":15,"column":37}},"11":{"start":{"line":16,"column":17},"end":{"line":16,"column":38}},"12":{"start":{"line":17,"column":4},"end":{"line":17,"column":16}},"13":{"start":{"line":19,"column":4},"end":{"line":19,"column":17}}},"fnMap":{"0":{"name":"(anonymous_0)","decl":{"start":{"line":1,"column":26},"end":{"line":1,"column":27}},"loc":{"start":{"line":1,"column":38},"end":{"line":10,"column":1}},"line":1},"1":{"name":"(anonymous_1)","decl":{"start":{"line":12,"column":30},"end":{"line":12,"column":31}},"loc":{"start":{"line":12,"column":47},"end":{"line":21,"column":1}},"line":12}},"branchMap":{},"s":{"0":3,"1":1,"2":1,"3":1,"4":1,"5":1,"6":0,"7":3,"8":1,"9":1,"10":1,"11":1,"12":1,"13":0},"f":{"0":1,"1":1},"b":{},"_coverageSchema":"1a1c01bbd47fc00a2c39e90264f33305004495a9","hash":"eac7c2b163d48fb09f12fdd4fa4a994139e3af09"}
}
