TN:
SF:src/App.js
FN:9,App
FNF:1
FNH:1
FNDA:12,App
DA:10,12
LF:1
LH:1
BRF:0
BRH:0
end_of_record
TN:
SF:src/Pages/Feedback.jsx
FN:8,(anonymous_0)
FN:17,(anonymous_1)
FN:23,(anonymous_2)
FN:28,(anonymous_3)
FN:33,(anonymous_4)
FN:82,(anonymous_5)
FNF:6
FNH:6
FNDA:5,(anonymous_0)
FNDA:1,(anonymous_1)
FNDA:1,(anonymous_2)
FNDA:5,(anonymous_3)
FNDA:5,(anonymous_4)
FNDA:6,(anonymous_5)
DA:9,5
DA:10,5
DA:17,5
DA:18,1
DA:19,1
DA:20,1
DA:23,5
DA:24,1
DA:25,1
DA:28,5
DA:29,5
DA:30,5
DA:34,5
DA:35,5
DA:36,5
DA:67,3
DA:82,6
LF:17
LH:17
BRDA:30,0,0,5
BRDA:30,0,1,1
BRDA:42,1,0,4
BRDA:42,1,1,1
BRF:4
BRH:4
end_of_record
TN:
SF:src/Pages/GamePage.jsx
FN:16,(anonymous_0)
FN:33,(anonymous_1)
FN:38,(anonymous_2)
FN:56,(anonymous_3)
FN:78,(anonymous_4)
FNF:5
FNH:3
FNDA:1,(anonymous_0)
FNDA:0,(anonymous_1)
FNDA:2,(anonymous_2)
FNDA:0,(anonymous_3)
FNDA:1,(anonymous_4)
DA:10,3
DA:12,1
DA:17,1
DA:18,1
DA:19,1
DA:20,1
DA:21,0
DA:22,0
DA:24,1
DA:28,1
DA:29,1
DA:33,1
DA:34,0
DA:35,0
DA:39,2
DA:40,2
DA:41,2
DA:42,2
DA:56,0
DA:67,3
DA:78,3
LF:21
LH:16
BRDA:20,0,0,0
BRDA:20,0,1,1
BRDA:28,1,0,1
BRDA:28,1,1,0
BRDA:44,2,0,2
BRDA:44,2,1,0
BRDA:47,3,0,2
BRDA:47,3,1,1
BRDA:53,4,0,2
BRDA:53,4,1,0
BRF:10
BRH:6
end_of_record
TN:
SF:src/Pages/Login.jsx
FN:14,(anonymous_0)
FN:19,(anonymous_1)
FN:29,(anonymous_2)
FN:39,(anonymous_3)
FN:46,(anonymous_4)
FN:50,(anonymous_5)
FNF:6
FNH:6
FNDA:1,(anonymous_0)
FNDA:1,(anonymous_1)
FNDA:58,(anonymous_2)
FNDA:116,(anonymous_3)
FNDA:58,(anonymous_4)
FNDA:122,(anonymous_5)
DA:8,6
DA:14,6
DA:15,1
DA:16,1
DA:19,6
DA:20,1
DA:21,1
DA:22,1
DA:23,1
DA:24,1
DA:25,1
DA:26,1
DA:29,6
DA:30,58
DA:31,58
DA:33,58
DA:39,116
DA:40,2
DA:42,56
DA:46,6
DA:47,58
DA:51,122
DA:52,122
DA:98,3
LF:24
LH:24
BRDA:39,0,0,2
BRDA:39,0,1,56
BRF:2
BRH:2
end_of_record
TN:
SF:src/Pages/Ranking.jsx
FN:11,(anonymous_0)
FN:17,(anonymous_1)
FN:23,(anonymous_2)
FN:39,(anonymous_3)
FN:40,(anonymous_4)
FNF:5
FNH:5
FNDA:4,(anonymous_0)
FNDA:1,(anonymous_1)
FNDA:8,(anonymous_2)
FNDA:8,(anonymous_3)
FNDA:12,(anonymous_4)
DA:7,4
DA:12,4
DA:17,4
DA:18,1
DA:19,1
DA:20,1
DA:24,8
DA:25,8
DA:39,8
DA:41,12
DA:63,3
LF:11
LH:11
BRDA:38,0,0,8
BRDA:38,0,1,4
BRF:2
BRH:2
end_of_record
TN:
SF:src/Pages/Settings.jsx
FN:4,(anonymous_0)
FNF:1
FNH:1
FNDA:1,(anonymous_0)
DA:5,1
LF:1
LH:1
BRF:0
BRH:0
end_of_record
TN:
SF:src/components/Header.jsx
FN:7,(anonymous_0)
FN:34,(anonymous_1)
FNF:2
FNH:2
FNDA:6,(anonymous_0)
FNDA:6,(anonymous_1)
DA:8,6
DA:9,6
DA:28,3
DA:34,6
LF:4
LH:4
BRF:0
BRH:0
end_of_record
TN:
SF:src/components/Question.jsx
FN:18,(anonymous_0)
FN:19,(anonymous_1)
FN:20,(anonymous_2)
FN:24,(anonymous_3)
FN:40,(anonymous_4)
FN:45,(anonymous_5)
FN:49,(anonymous_6)
FN:64,(anonymous_7)
FN:77,(anonymous_8)
FN:85,(anonymous_9)
FNF:10
FNH:3
FNDA:1,(anonymous_0)
FNDA:0,(anonymous_1)
FNDA:0,(anonymous_2)
FNDA:0,(anonymous_3)
FNDA:0,(anonymous_4)
FNDA:1,(anonymous_5)
FNDA:0,(anonymous_6)
FNDA:1,(anonymous_7)
FNDA:0,(anonymous_8)
FNDA:0,(anonymous_9)
DA:7,3
DA:8,3
DA:11,1
DA:19,1
DA:20,0
DA:25,0
DA:26,0
DA:27,0
DA:28,0
DA:29,0
DA:34,0
DA:35,0
DA:40,0
DA:46,1
DA:49,1
DA:50,0
DA:51,0
DA:52,0
DA:53,0
DA:54,0
DA:56,0
DA:57,0
DA:59,0
DA:65,1
DA:66,1
DA:67,1
DA:78,0
DA:79,0
DA:80,0
DA:85,0
DA:100,3
DA:105,3
LF:32
LH:11
BRDA:27,0,0,0
BRDA:27,0,1,0
BRDA:34,1,0,0
BRDA:34,1,1,0
BRDA:53,2,0,0
BRDA:53,2,1,0
BRDA:53,3,0,0
BRDA:53,3,1,0
BRDA:56,4,0,0
BRDA:56,4,1,0
BRDA:70,5,0,1
BRDA:70,5,1,1
BRDA:73,6,0,1
BRDA:73,6,1,1
BRDA:75,7,0,1
BRDA:75,7,1,0
BRDA:79,8,0,0
BRDA:79,8,1,0
BRDA:84,9,0,0
BRDA:84,9,1,0
BRDA:86,10,0,0
BRDA:86,10,1,0
BRF:22
BRH:5
end_of_record
TN:
SF:src/helpers/triviaApi.js
FN:1,(anonymous_0)
FN:12,(anonymous_1)
FNF:2
FNH:2
FNDA:1,(anonymous_0)
FNDA:1,(anonymous_1)
DA:1,3
DA:2,1
DA:3,1
DA:4,1
DA:5,1
DA:6,1
DA:8,0
DA:12,3
DA:13,1
DA:14,1
DA:15,1
DA:16,1
DA:17,1
DA:19,0
LF:14
LH:12
BRF:0
BRH:0
end_of_record
